C:\Program Files\Microsoft Visual Studio\2022\Community\MSBuild\Microsoft\VC\v170\Microsoft.CppBuild.targets(531,5): warning MSB8028: 중간 디렉터리(x64\Debug\)에 다른 프로젝트(Project34.vcxproj)에서 공유하는 파일이 포함되어 있습니다.  이로 인해 잘못된 정리 및 다시 빌드 동작이 수행될 수 있습니다.
  CBox.cpp
  RecvThread.cpp
C:\Users\sinichisama\Desktop\2024_NGP_03\2024_NGP_03\Server\NGP_03_Server\RecvThread.cpp(13,6): warning C4101: 'len' :참조되지 않은 지역 변수입니다.
C:\Users\sinichisama\Desktop\2024_NGP_03\2024_NGP_03\Server\NGP_03_Server\RecvThread.cpp(12,7): warning C4101: 'buf' :참조되지 않은 지역 변수입니다.
C:\Users\sinichisama\Desktop\2024_NGP_03\2024_NGP_03\Server\NGP_03_Server\RecvThread.cpp(7,6): warning C4101: 'retval' :참조되지 않은 지역 변수입니다.
  WorkThread.cpp
C:\Users\sinichisama\Desktop\2024_NGP_03\2024_NGP_03\Server\NGP_03_Server\WorkThread.cpp(81,18): warning C4267: '초기화 중': 'size_t'에서 'int'(으)로 변환하면서 데이터가 손실될 수 있습니다.
C:\Program Files\Microsoft Visual Studio\2022\Community\VC\Tools\MSVC\14.39.33519\include\type_traits(1739,67): warning C4244: '인수': '_Cv_TiD'에서 'short'(으)로 변환하면서 데이터가 손실될 수 있습니다.
C:\Program Files\Microsoft Visual Studio\2022\Community\VC\Tools\MSVC\14.39.33519\include\type_traits(1739,67): warning C4244:         with
C:\Program Files\Microsoft Visual Studio\2022\Community\VC\Tools\MSVC\14.39.33519\include\type_traits(1739,67): warning C4244:         [
C:\Program Files\Microsoft Visual Studio\2022\Community\VC\Tools\MSVC\14.39.33519\include\type_traits(1739,67): warning C4244:             _Cv_TiD=__int64
C:\Program Files\Microsoft Visual Studio\2022\Community\VC\Tools\MSVC\14.39.33519\include\type_traits(1739,67): warning C4244:         ]
  (소스 파일 'WorkThread.cpp'을(를) 컴파일하는 중)
  C:\Program Files\Microsoft Visual Studio\2022\Community\VC\Tools\MSVC\14.39.33519\include\type_traits(1739,67):
  템플릿 인스턴스화 컨텍스트(가장 오래된 인스턴스화 컨텍스트)가
  	C:\Users\sinichisama\Desktop\2024_NGP_03\2024_NGP_03\Server\NGP_03_Server\WorkThread.cpp(171,49):
  	'std::function<std::unique_ptr<Parent_Packet,std::default_delete<Parent_Packet>> (void)>::function(_Fx &&)'의 기본 템플릿 인수를 처리하는 동안
  	C:\Program Files\Microsoft Visual Studio\2022\Community\VC\Tools\MSVC\14.39.33519\include\functional(1118,92):
  	컴파일되는 별칭 템플릿 인스턴스화 'std::_Func_class<_Ret>::_Enable_if_callable_t<std::_Binder<std::_Unforced,std::unique_ptr<Parent_Packet,std::default_delete<Parent_Packet>> (__cdecl *)(short),time_t>,std::function<std::unique_ptr<Parent_Packet,std::default_delete<Parent_Packet>> (void)>>'에 대한 참조를 확인하세요.
          with
          [
              _Ret=std::unique_ptr<Parent_Packet,std::default_delete<Parent_Packet>>
          ]
  	C:\Program Files\Microsoft Visual Studio\2022\Community\VC\Tools\MSVC\14.39.33519\include\functional(960,47):
  	컴파일되는 변수 템플릿 'const bool conjunction_v<std::negation<std::is_same<std::_Binder<std::_Unforced,std::unique_ptr<Parent_Packet,std::default_delete<Parent_Packet> > (__cdecl*)(short),__int64>,std::function<std::unique_ptr<Parent_Packet,std::default_delete<Parent_Packet> > __cdecl(void)> > >,std::_Is_invocable_r<std::unique_ptr<Parent_Packet,std::default_delete<Parent_Packet> >,std::_Binder<std::_Unforced,std::unique_ptr<Parent_Packet,std::default_delete<Parent_Packet> > (__cdecl*)(short),__int64> &> >'에 대한 참조를 확인하세요.
  	C:\Program Files\Microsoft Visual Studio\2022\Community\VC\Tools\MSVC\14.39.33519\include\functional(960,47):
  	컴파일되는 클래스 템플릿 인스턴스화 'std::_Is_invocable_r<_Ret,std::_Binder<std::_Unforced,std::unique_ptr<Parent_Packet,std::default_delete<Parent_Packet>> (__cdecl *)(short),time_t> &>'에 대한 참조를 확인하세요.
          with
          [
              _Ret=std::unique_ptr<Parent_Packet,std::default_delete<Parent_Packet>>
          ]
  	C:\Program Files\Microsoft Visual Studio\2022\Community\VC\Tools\MSVC\14.39.33519\include\type_traits(1881,26):
  	컴파일되는 별칭 템플릿 인스턴스화 'std::_Is_invocable_r_<_Rx,_Callable,>'에 대한 참조를 확인하세요.
          with
          [
              _Rx=std::unique_ptr<Parent_Packet,std::default_delete<Parent_Packet>>,
              _Callable=std::_Binder<std::_Unforced,std::unique_ptr<Parent_Packet,std::default_delete<Parent_Packet>> (__cdecl *)(short),time_t> &
          ]
  	C:\Program Files\Microsoft Visual Studio\2022\Community\VC\Tools\MSVC\14.39.33519\include\type_traits(1824,35):
  	컴파일되는 별칭 템플릿 인스턴스화 'std::_Decltype_invoke_zero<_Callable>'에 대한 참조를 확인하세요.
          with
          [
              _Callable=std::_Binder<std::_Unforced,std::unique_ptr<Parent_Packet,std::default_delete<Parent_Packet>> (__cdecl *)(short),time_t> &
          ]
  	C:\Program Files\Microsoft Visual Studio\2022\Community\VC\Tools\MSVC\14.39.33519\include\type_traits(1821,81):
  	컴파일되는 함수 템플릿 인스턴스화 'std::unique_ptr<Parent_Packet,std::default_delete<Parent_Packet>> std::_Binder<std::_Unforced,std::unique_ptr<Parent_Packet,std::default_delete<Parent_Packet>> (__cdecl *)(short),time_t>::operator ()<,0>(void) noexcept(false)'에 대한 참조를 확인하세요.
  	C:\Program Files\Microsoft Visual Studio\2022\Community\VC\Tools\MSVC\14.39.33519\include\functional(2198,16):
  	컴파일되는 함수 템플릿 인스턴스화 'std::unique_ptr<Parent_Packet,std::default_delete<Parent_Packet>> std::_Call_binder<std::_Unforced,0,std::unique_ptr<Parent_Packet,std::default_delete<Parent_Packet>>(__cdecl *)(short),std::tuple<__int64>,std::tuple<>>(std::_Invoker_ret<std::_Unforced>,std::integer_sequence<size_t,0>,_Cv_FD &,_Cv_tuple_TiD &,_Untuple &&) noexcept(false)'에 대한 참조를 확인하세요.
          with
          [
              _Cv_FD=std::unique_ptr<Parent_Packet,std::default_delete<Parent_Packet>> (__cdecl *)(short),
              _Cv_tuple_TiD=std::tuple<__int64>,
              _Untuple=std::tuple<>
          ]
  	C:\Program Files\Microsoft Visual Studio\2022\Community\VC\Tools\MSVC\14.39.33519\include\functional(2126,32):
  	컴파일되는 함수 템플릿 인스턴스화 'std::unique_ptr<Parent_Packet,std::default_delete<Parent_Packet>> std::_Invoker_ret<std::_Unforced>::_Call<std::unique_ptr<Parent_Packet,std::default_delete<Parent_Packet>>(__cdecl *&)(short),_Cv_TiD&>(_Fx,_Cv_TiD &) noexcept(false)'에 대한 참조를 확인하세요.
          with
          [
              _Cv_TiD=__int64,
              _Fx=std::unique_ptr<Parent_Packet,std::default_delete<Parent_Packet>> (__cdecl *&)(short)
          ]
  	C:\Program Files\Microsoft Visual Studio\2022\Community\VC\Tools\MSVC\14.39.33519\include\functional(2116,21):
  	컴파일되는 함수 템플릿 인스턴스화 'std::unique_ptr<Parent_Packet,std::default_delete<Parent_Packet>> std::invoke<std::unique_ptr<Parent_Packet,std::default_delete<Parent_Packet>>(__cdecl *&)(short),_Cv_TiD&,>(_Callable,_Ty1) noexcept(false)'에 대한 참조를 확인하세요.
          with
          [
              _Cv_TiD=__int64,
              _Callable=std::unique_ptr<Parent_Packet,std::default_delete<Parent_Packet>> (__cdecl *&)(short),
              _Ty1=__int64 &
          ]
  
  main.cpp
  코드를 생성하고 있습니다...
  NGP_03_Server.vcxproj -> C:\Users\sinichisama\Desktop\2024_NGP_03\2024_NGP_03\Server\x64\Debug\NGP_03_Server.exe
