  CPlayer.cpp
C:\Users\sinichisama\Desktop\2024_NGP_03\2024_NGP_03\Client\Project34\Public.h(76,2): warning C4091: 'typedef ': 변수를 선언하지 않으면 'Update_score' 왼쪽은 무시됩니다.
  (소스 파일 'CPlayer.cpp'을(를) 컴파일하는 중)
  
C:\Users\sinichisama\Desktop\2024_NGP_03\2024_NGP_03\Client\Project34\CPlayer.cpp(39,49): warning C4244: '=': 'double'에서 'T'(으)로 변환하면서 데이터가 손실될 수 있습니다.
C:\Users\sinichisama\Desktop\2024_NGP_03\2024_NGP_03\Client\Project34\CPlayer.cpp(39,49): warning C4244:         with
C:\Users\sinichisama\Desktop\2024_NGP_03\2024_NGP_03\Client\Project34\CPlayer.cpp(39,49): warning C4244:         [
C:\Users\sinichisama\Desktop\2024_NGP_03\2024_NGP_03\Client\Project34\CPlayer.cpp(39,49): warning C4244:             T=float
C:\Users\sinichisama\Desktop\2024_NGP_03\2024_NGP_03\Client\Project34\CPlayer.cpp(39,49): warning C4244:         ]
C:\Users\sinichisama\Desktop\2024_NGP_03\2024_NGP_03\Client\Project34\CPlayer.cpp(40,49): warning C4244: '=': 'double'에서 'T'(으)로 변환하면서 데이터가 손실될 수 있습니다.
C:\Users\sinichisama\Desktop\2024_NGP_03\2024_NGP_03\Client\Project34\CPlayer.cpp(40,49): warning C4244:         with
C:\Users\sinichisama\Desktop\2024_NGP_03\2024_NGP_03\Client\Project34\CPlayer.cpp(40,49): warning C4244:         [
C:\Users\sinichisama\Desktop\2024_NGP_03\2024_NGP_03\Client\Project34\CPlayer.cpp(40,49): warning C4244:             T=float
C:\Users\sinichisama\Desktop\2024_NGP_03\2024_NGP_03\Client\Project34\CPlayer.cpp(40,49): warning C4244:         ]
  FrameWork.cpp
C:\Users\sinichisama\Desktop\2024_NGP_03\2024_NGP_03\Client\Project34\Public.h(76,2): warning C4091: 'typedef ': 변수를 선언하지 않으면 'Update_score' 왼쪽은 무시됩니다.
  (소스 파일 'FrameWork.cpp'을(를) 컴파일하는 중)
  
C:\Users\sinichisama\Desktop\2024_NGP_03\2024_NGP_03\Client\Project34\include\FreeImage.h(1,1): warning C4819: 현재 코드 페이지(949)에서 표시할 수 없는 문자가 파일에 들어 있습니다. 데이터가 손실되지 않게 하려면 해당 파일을 유니코드 형식으로 저장하십시오.
  (소스 파일 'FrameWork.cpp'을(를) 컴파일하는 중)
  
  FunctionalPackets.cpp
C:\Users\sinichisama\Desktop\2024_NGP_03\2024_NGP_03\Client\Project34\Public.h(76,2): warning C4091: 'typedef ': 변수를 선언하지 않으면 'Update_score' 왼쪽은 무시됩니다.
  (소스 파일 'FunctionalPackets.cpp'을(를) 컴파일하는 중)
  
  State.cpp
C:\Users\sinichisama\Desktop\2024_NGP_03\2024_NGP_03\Client\Project34\Public.h(76,2): warning C4091: 'typedef ': 변수를 선언하지 않으면 'Update_score' 왼쪽은 무시됩니다.
  (소스 파일 'State.cpp'을(를) 컴파일하는 중)
  
C:\Users\sinichisama\Desktop\2024_NGP_03\2024_NGP_03\Client\Project34\include\FreeImage.h(1,1): warning C4819: 현재 코드 페이지(949)에서 표시할 수 없는 문자가 파일에 들어 있습니다. 데이터가 손실되지 않게 하려면 해당 파일을 유니코드 형식으로 저장하십시오.
  (소스 파일 'State.cpp'을(를) 컴파일하는 중)
  
  소스.cpp
C:\Users\sinichisama\Desktop\2024_NGP_03\2024_NGP_03\Client\Project34\Public.h(76,2): warning C4091: 'typedef ': 변수를 선언하지 않으면 'Update_score' 왼쪽은 무시됩니다.
  (소스 파일 '소스.cpp'을(를) 컴파일하는 중)
  
  코드를 생성하고 있습니다...
  Project34.vcxproj -> C:\Users\sinichisama\Desktop\2024_NGP_03\2024_NGP_03\Client\x64\Debug\Project34.exe
